<?xml version="1.0" encoding="UTF-8"?>
<!-- Generated by org.testng.reporters.JUnitReportReporter -->
<testsuite skipped="0" hostname="Vedant-PC" name="com.crmpro.framework.automation.testcases.LoginPageTest" tests="3" failures="0" timestamp="2020-09-16T08:42:34 IST" time="117.497" errors="0">
  <testcase name="verifyTitleOfPageTest" time="34.460" classname="com.crmpro.framework.automation.testcases.LoginPageTest"/>
  <testcase name="validateLogoTest" time="32.642" classname="com.crmpro.framework.automation.testcases.LoginPageTest"/>
  <testcase name="loginPageTest" time="50.395" classname="com.crmpro.framework.automation.testcases.LoginPageTest"/>
</testsuite> <!-- com.crmpro.framework.automation.testcases.LoginPageTest -->
