<?xml version="1.0" encoding="UTF-8"?>
<!-- Generated by org.testng.reporters.JUnitReportReporter -->
<testsuite skipped="0" hostname="Vedant-PC" name="com.crmpro.framework.automation.testcases.HomePageTest" tests="3" failures="0" timestamp="2020-09-16T08:37:06 IST" time="144.900" errors="0">
  <testcase name="verifyhomePageTitleTest" time="41.760" classname="com.crmpro.framework.automation.testcases.HomePageTest"/>
  <testcase name="verifyUsernameLabelTest" time="62.732" classname="com.crmpro.framework.automation.testcases.HomePageTest"/>
  <testcase name="clickOnContactLinkTest" time="40.408" classname="com.crmpro.framework.automation.testcases.HomePageTest"/>
</testsuite> <!-- com.crmpro.framework.automation.testcases.HomePageTest -->
